#
# There is insufficient memory for the Java Runtime Environment to continue.
# Native memory allocation (malloc) failed to allocate 1175872 bytes. Error detail: Chunk::new
# Possible reasons:
#   The system is out of physical RAM or swap space
#   This process is running with CompressedOops enabled, and the Java Heap may be blocking the growth of the native heap
# Possible solutions:
#   Reduce memory load on the system
#   Increase physical memory or swap space
#   Check if swap backing store is full
#   Decrease Java heap size (-Xmx/-Xms)
#   Decrease number of Java threads
#   Decrease Java thread stack sizes (-Xss)
#   Set larger code cache with -XX:ReservedCodeCacheSize=
#   JVM is running with Unscaled Compressed Oops mode in which the Java heap is
#     placed in the first 4GB address space. The Java Heap base address is the
#     maximum limit for the native heap growth. Please use -XX:HeapBaseMinAddress
#     to set the Java Heap base and to place the Java Heap above 4GB virtual address.
# This output file may be truncated or incomplete.
#
#  Out of Memory Error (arena.cpp:168), pid=12508, tid=22220
#
# JRE version: OpenJDK Runtime Environment Temurin-21.0.7+6 (21.0.7+6) (build 21.0.7+6-LTS)
# Java VM: OpenJDK 64-Bit Server VM Temurin-21.0.7+6 (21.0.7+6-LTS, mixed mode, sharing, tiered, compressed oops, compressed class ptrs, parallel gc, windows-amd64)
# No core dump will be written. Minidumps are not enabled by default on client versions of Windows
#

---------------  S U M M A R Y ------------

Command Line: --add-modules=ALL-SYSTEM --add-opens=java.base/java.util=ALL-UNNAMED --add-opens=java.base/java.lang=ALL-UNNAMED --add-opens=java.base/sun.nio.fs=ALL-UNNAMED -Declipse.application=org.eclipse.jdt.ls.core.id1 -Dosgi.bundles.defaultStartLevel=4 -Declipse.product=org.eclipse.jdt.ls.core.product -Djava.import.generatesMetadataFilesAtProjectRoot=false -DDetectVMInstallationsJob.disabled=true -Dfile.encoding=utf8 -XX:+UseParallelGC -XX:GCTimeRatio=4 -XX:AdaptiveSizePolicyWeight=90 -Dsun.zip.disableMemoryMapping=true -Xmx2G -Xms100m -Xlog:disable -javaagent:c:\Users\adity\.vscode\extensions\redhat.java-1.43.1-win32-x64\lombok\lombok-1.18.39-4050.jar -XX:+HeapDumpOnOutOfMemoryError -XX:HeapDumpPath=c:\Users\adity\AppData\Roaming\Code\User\workspaceStorage\ac98fe197963a2578e4e69e5fccf90a7\redhat.java -Daether.dependencyCollector.impl=bf c:\Users\adity\.vscode\extensions\redhat.java-1.43.1-win32-x64\server\plugins\org.eclipse.equinox.launcher_1.7.0.v20250519-0528.jar -configuration c:\Users\adity\AppData\Roaming\Code\User\globalStorage\redhat.java\1.43.1\config_win -data c:\Users\adity\AppData\Roaming\Code\User\workspaceStorage\ac98fe197963a2578e4e69e5fccf90a7\redhat.java\jdt_ws --pipe=\\.\pipe\lsp-a5b523690c23e5abfcee4dbd9bae6084-sock

Host: AMD Ryzen 5 4600H with Radeon Graphics         , 12 cores, 7G,  Windows 11 , 64 bit Build 26100 (10.0.26100.4484)
Time: Sat Jul 26 02:46:36 2025 India Standard Time elapsed time: 14.807650 seconds (0d 0h 0m 14s)

---------------  T H R E A D  ---------------

Current thread (0x000001575b149fe0):  JavaThread "C2 CompilerThread1" daemon [_thread_in_native, id=22220, stack(0x00000006be600000,0x00000006be700000) (1024K)]


Current CompileTask:
C2:14807 4586       4       org.eclipse.osgi.internal.serviceregistry.ServiceRegistry::notifyHooksPrivileged (57 bytes)

Stack: [0x00000006be600000,0x00000006be700000]
Native frames: (J=compiled Java code, j=interpreted, Vv=VM code, C=native code)
V  [jvm.dll+0x6ce119]
V  [jvm.dll+0x8a84a1]
V  [jvm.dll+0x8aa9ce]
V  [jvm.dll+0x8ab0b3]
V  [jvm.dll+0x27f8a6]
V  [jvm.dll+0xc507d]
V  [jvm.dll+0xc55b3]
V  [jvm.dll+0x3b692c]
V  [jvm.dll+0x1dfe33]
V  [jvm.dll+0x247c42]
V  [jvm.dll+0x2470cf]
V  [jvm.dll+0x1c760e]
V  [jvm.dll+0x25695a]
V  [jvm.dll+0x254efa]
V  [jvm.dll+0x3f03f6]
V  [jvm.dll+0x851f6b]
V  [jvm.dll+0x6cc7dd]
C  [ucrtbase.dll+0x37b0]
C  [KERNEL32.DLL+0x2e8d7]
C  [ntdll.dll+0x3c34c]


---------------  P R O C E S S  ---------------

Threads class SMR info:
_java_thread_list=0x000001575b0e4db0, length=27, elements={
0x000001577be4f290, 0x00000157557a44b0, 0x00000157557a7650, 0x00000157557ac080,
0x00000157557accd0, 0x00000157557aee80, 0x00000157557b7010, 0x00000157557e5770,
0x00000157557e6200, 0x00000157558a6c40, 0x0000015755b0b4e0, 0x000001575ab28930,
0x000001575aad4a60, 0x000001575a644750, 0x000001575a63c320, 0x000001575abda740,
0x000001575adeae50, 0x000001575acdffd0, 0x000001575ace20a0, 0x000001575ace1380,
0x000001575ace0660, 0x000001575b149fe0, 0x000001575ace1a10, 0x000001575ace2730,
0x000001575d0578a0, 0x000001575acdf940, 0x000001575c4a9040
}

Java Threads: ( => current thread )
  0x000001577be4f290 JavaThread "main"                              [_thread_in_vm, id=23900, stack(0x00000006bc400000,0x00000006bc500000) (1024K)]
  0x00000157557a44b0 JavaThread "Reference Handler"          daemon [_thread_blocked, id=12356, stack(0x00000006bc800000,0x00000006bc900000) (1024K)]
  0x00000157557a7650 JavaThread "Finalizer"                  daemon [_thread_blocked, id=23224, stack(0x00000006bc900000,0x00000006bca00000) (1024K)]
  0x00000157557ac080 JavaThread "Signal Dispatcher"          daemon [_thread_blocked, id=2528, stack(0x00000006bca00000,0x00000006bcb00000) (1024K)]
  0x00000157557accd0 JavaThread "Attach Listener"            daemon [_thread_blocked, id=1848, stack(0x00000006bcb00000,0x00000006bcc00000) (1024K)]
  0x00000157557aee80 JavaThread "Service Thread"             daemon [_thread_blocked, id=22144, stack(0x00000006bcc00000,0x00000006bcd00000) (1024K)]
  0x00000157557b7010 JavaThread "Monitor Deflation Thread"   daemon [_thread_blocked, id=12912, stack(0x00000006bcd00000,0x00000006bce00000) (1024K)]
  0x00000157557e5770 JavaThread "C2 CompilerThread0"         daemon [_thread_in_native, id=20044, stack(0x00000006bce00000,0x00000006bcf00000) (1024K)]
  0x00000157557e6200 JavaThread "C1 CompilerThread0"         daemon [_thread_blocked, id=19236, stack(0x00000006bcf00000,0x00000006bd000000) (1024K)]
  0x00000157558a6c40 JavaThread "Common-Cleaner"             daemon [_thread_blocked, id=15692, stack(0x00000006bd000000,0x00000006bd100000) (1024K)]
  0x0000015755b0b4e0 JavaThread "Notification Thread"        daemon [_thread_blocked, id=24636, stack(0x00000006bd200000,0x00000006bd300000) (1024K)]
  0x000001575ab28930 JavaThread "Active Thread: Equinox Container: 54e80638-a556-44be-9f5a-a4a0c4b2f517"        [_thread_blocked, id=23632, stack(0x00000006bda00000,0x00000006bdb00000) (1024K)]
  0x000001575aad4a60 JavaThread "Refresh Thread: Equinox Container: 54e80638-a556-44be-9f5a-a4a0c4b2f517" daemon [_thread_blocked, id=2100, stack(0x00000006bdc00000,0x00000006bdd00000) (1024K)]
  0x000001575a644750 JavaThread "Framework Event Dispatcher: Equinox Container: 54e80638-a556-44be-9f5a-a4a0c4b2f517" daemon [_thread_blocked, id=20068, stack(0x00000006bdd00000,0x00000006bde00000) (1024K)]
  0x000001575a63c320 JavaThread "Start Level: Equinox Container: 54e80638-a556-44be-9f5a-a4a0c4b2f517" daemon [_thread_blocked, id=25048, stack(0x00000006bde00000,0x00000006bdf00000) (1024K)]
  0x000001575abda740 JavaThread "Bundle File Closer"         daemon [_thread_blocked, id=1728, stack(0x00000006be100000,0x00000006be200000) (1024K)]
  0x000001575adeae50 JavaThread "SCR Component Actor"        daemon [_thread_blocked, id=24232, stack(0x00000006bd900000,0x00000006bda00000) (1024K)]
  0x000001575acdffd0 JavaThread "Worker-JM"                         [_thread_blocked, id=9708, stack(0x00000006be200000,0x00000006be300000) (1024K)]
  0x000001575ace20a0 JavaThread "Worker-0: Repository registry initialization"        [_thread_blocked, id=12304, stack(0x00000006be300000,0x00000006be400000) (1024K)]
  0x000001575ace1380 JavaThread "Worker-1: Updating Maven Dependencies"        [_thread_in_vm, id=12188, stack(0x00000006be400000,0x00000006be500000) (1024K)]
  0x000001575ace0660 JavaThread "Worker-2: Initialize After Load"        [_thread_blocked, id=24928, stack(0x00000006be500000,0x00000006be600000) (1024K)]
=>0x000001575b149fe0 JavaThread "C2 CompilerThread1"         daemon [_thread_in_native, id=22220, stack(0x00000006be600000,0x00000006be700000) (1024K)]
  0x000001575ace1a10 JavaThread "Worker-3: Loading available Gradle versions"        [_thread_in_vm, id=18792, stack(0x00000006be700000,0x00000006be800000) (1024K)]
  0x000001575ace2730 JavaThread "Java indexing"              daemon [_thread_blocked, id=1924, stack(0x00000006be800000,0x00000006be900000) (1024K)]
  0x000001575d0578a0 JavaThread "C2 CompilerThread2"         daemon [_thread_in_native, id=21464, stack(0x00000006be900000,0x00000006bea00000) (1024K)]
  0x000001575acdf940 JavaThread "JNA Cleaner"                daemon [_thread_blocked, id=17028, stack(0x00000006bea00000,0x00000006beb00000) (1024K)]
  0x000001575c4a9040 JavaThread "Worker-4"                          [_thread_blocked, id=5256, stack(0x00000006bed00000,0x00000006bee00000) (1024K)]
Total: 27

Other Threads:
  0x000001577bde3950 VMThread "VM Thread"                           [id=13436, stack(0x00000006bc700000,0x00000006bc800000) (1024K)]
  0x000001577bcdca00 WatcherThread "VM Periodic Task Thread"        [id=9632, stack(0x00000006bc600000,0x00000006bc700000) (1024K)]
  0x000001577be6cbc0 WorkerThread "GC Thread#0"                     [id=17900, stack(0x00000006bc500000,0x00000006bc600000) (1024K)]
  0x0000015755a0b8b0 WorkerThread "GC Thread#1"                     [id=1760, stack(0x00000006bd100000,0x00000006bd200000) (1024K)]
  0x000001575a4c5390 WorkerThread "GC Thread#2"                     [id=19124, stack(0x00000006bd300000,0x00000006bd400000) (1024K)]
  0x000001575a5ecea0 WorkerThread "GC Thread#3"                     [id=1048, stack(0x00000006bd400000,0x00000006bd500000) (1024K)]
  0x000001575a162e40 WorkerThread "GC Thread#4"                     [id=9476, stack(0x00000006bd500000,0x00000006bd600000) (1024K)]
  0x000001575a1631e0 WorkerThread "GC Thread#5"                     [id=20584, stack(0x00000006bd600000,0x00000006bd700000) (1024K)]
  0x000001575a163d90 WorkerThread "GC Thread#6"                     [id=22964, stack(0x00000006bd700000,0x00000006bd800000) (1024K)]
  0x000001575a9fc2b0 WorkerThread "GC Thread#7"                     [id=25436, stack(0x00000006bdb00000,0x00000006bdc00000) (1024K)]
  0x000001575af52bc0 WorkerThread "GC Thread#8"                     [id=17012, stack(0x00000006bdf00000,0x00000006be000000) (1024K)]
  0x000001575af073e0 WorkerThread "GC Thread#9"                     [id=21796, stack(0x00000006be000000,0x00000006be100000) (1024K)]
Total: 12

Threads with active compile tasks:
C2 CompilerThread0  14844 4761       4       org.eclipse.osgi.internal.loader.ModuleClassLoader::toString (80 bytes)
C2 CompilerThread1  14844 4586       4       org.eclipse.osgi.internal.serviceregistry.ServiceRegistry::notifyHooksPrivileged (57 bytes)
C2 CompilerThread2  14844 4619   !   4       org.eclipse.osgi.internal.loader.classpath.ClasspathManager::findLocalClass (210 bytes)
Total: 3

VM state: not at safepoint (normal execution)

VM Mutex/Monitor currently owned by a thread: None

Heap address: 0x0000000080000000, size: 2048 MB, Compressed Oops mode: 32-bit

CDS archive(s) mapped at: [0x0000015713000000-0x0000015713ba0000-0x0000015713ba0000), size 12189696, SharedBaseAddress: 0x0000015713000000, ArchiveRelocationMode: 1.
Compressed class space mapped at: 0x0000015714000000-0x0000015754000000, reserved size: 1073741824
Narrow klass base: 0x0000015713000000, Narrow klass shift: 0, Narrow klass range: 0x100000000

GC Precious Log:
 CardTable entry size: 512
 CPUs: 12 total, 12 available
 Memory: 7597M
 Large Page Support: Disabled
 NUMA Support: Disabled
 Compressed Oops: Enabled (32-bit)
 Alignments: Space 512K, Generation 512K, Heap 2M
 Heap Min Capacity: 100M
 Heap Initial Capacity: 100M
 Heap Max Capacity: 2G
 Pre-touch: Disabled
 Parallel Workers: 10

Heap:
 PSYoungGen      total 23040K, used 11481K [0x00000000d5580000, 0x00000000d7080000, 0x0000000100000000)
  eden space 22016K, 47% used [0x00000000d5580000,0x00000000d5fc5850,0x00000000d6b00000)
  from space 1024K, 94% used [0x00000000d6e80000,0x00000000d6f70f40,0x00000000d6f80000)
  to   space 1024K, 0% used [0x00000000d6f80000,0x00000000d6f80000,0x00000000d7080000)
 ParOldGen       total 68608K, used 17020K [0x0000000080000000, 0x0000000084300000, 0x00000000d5580000)
  object space 68608K, 24% used [0x0000000080000000,0x000000008109f310,0x0000000084300000)
 Metaspace       used 34835K, committed 35840K, reserved 1114112K
  class space    used 3574K, committed 3968K, reserved 1048576K

Card table byte_map: [0x000001577b7f0000,0x000001577bc00000] _byte_map_base: 0x000001577b3f0000

Marking Bits: (ParMarkBitMap*) 0x00007ffdc27c31f0
 Begin Bits: [0x000001570f000000, 0x0000015711000000)
 End Bits:   [0x0000015711000000, 0x0000015713000000)

Polling page: 0x0000015779c80000

Metaspace:

Usage:
  Non-class:     30.53 MB used.
      Class:      3.49 MB used.
       Both:     34.02 MB used.

Virtual space:
  Non-class space:       64.00 MB reserved,      31.12 MB ( 49%) committed,  1 nodes.
      Class space:        1.00 GB reserved,       3.88 MB ( <1%) committed,  1 nodes.
             Both:        1.06 GB reserved,      35.00 MB (  3%) committed. 

Chunk freelists:
   Non-Class:  96.00 KB
       Class:  12.12 MB
        Both:  12.22 MB

MaxMetaspaceSize: unlimited
CompressedClassSpaceSize: 1.00 GB
Initial GC threshold: 21.00 MB
Current GC threshold: 35.00 MB
CDS: on
 - commit_granule_bytes: 65536.
 - commit_granule_words: 8192.
 - virtual_space_node_default_size: 8388608.
 - enlarge_chunks_in_place: 1.
 - use_allocation_guard: 0.


Internal statistics:

num_allocs_failed_limit: 3.
num_arena_births: 722.
num_arena_deaths: 14.
num_vsnodes_births: 2.
num_vsnodes_deaths: 0.
num_space_committed: 560.
num_space_uncommitted: 0.
num_chunks_returned_to_freelist: 17.
num_chunks_taken_from_freelist: 2219.
num_chunk_merges: 7.
num_chunk_splits: 1374.
num_chunks_enlarged: 826.
num_inconsistent_stats: 0.

CodeHeap 'non-profiled nmethods': size=120000Kb used=2294Kb max_used=2294Kb free=117705Kb
 bounds [0x0000015707ad0000, 0x0000015707d40000, 0x000001570f000000]
CodeHeap 'profiled nmethods': size=120000Kb used=10205Kb max_used=10205Kb free=109794Kb
 bounds [0x0000015700000000, 0x0000015700a00000, 0x0000015707530000]
CodeHeap 'non-nmethods': size=5760Kb used=1343Kb max_used=1400Kb free=4416Kb
 bounds [0x0000015707530000, 0x00000157077a0000, 0x0000015707ad0000]
 total_blobs=5397 nmethods=4763 adapters=540
 compilation: enabled
              stopped_count=0, restarted_count=0
 full_count=0

Compilation events (20 events):
Event: 12.773 Thread 0x00000157557e6200 nmethod 4744 0x00000157009da710 code [0x00000157009db620, 0x00000157009e4ce8]
Event: 12.774 Thread 0x00000157557e6200 4746       3       com.google.common.base.Preconditions::checkNotNull (14 bytes)
Event: 12.774 Thread 0x00000157557e6200 nmethod 4746 0x00000157009e8a10 code [0x00000157009e8bc0, 0x00000157009e8da8]
Event: 12.774 Thread 0x00000157557e6200 4738       3       aQute.bnd.header.Parameters::<init> (21 bytes)
Event: 12.775 Thread 0x00000157557e6200 nmethod 4738 0x00000157009e8e90 code [0x00000157009e9060, 0x00000157009e93d8]
Event: 12.775 Thread 0x00000157557e6200 4742       3       org.osgi.util.tracker.AbstractTracked::modified (11 bytes)
Event: 12.775 Thread 0x00000157557e6200 nmethod 4742 0x00000157009e9590 code [0x00000157009e9720, 0x00000157009e9830]
Event: 12.775 Thread 0x00000157557e6200 4743       3       java.util.stream.Sink$ChainedReference::begin (11 bytes)
Event: 12.775 Thread 0x00000157557e6200 nmethod 4743 0x00000157009e9910 code [0x00000157009e9ac0, 0x00000157009e9c98]
Event: 12.775 Thread 0x00000157557e6200 4740       3       sun.reflect.annotation.AnnotationParser$1::run (40 bytes)
Event: 12.776 Thread 0x00000157557e6200 nmethod 4740 0x00000157009e9d90 code [0x00000157009e9f80, 0x00000157009ea608]
Event: 12.778 Thread 0x00000157557e6200 4748       1       java.util.stream.ForEachOps$ForEachOp::get (2 bytes)
Event: 12.779 Thread 0x00000157557e6200 nmethod 4748 0x0000015707d07c90 code [0x0000015707d07e20, 0x0000015707d07ef0]
Event: 12.780 Thread 0x00000157557e6200 4749       3       com.google.inject.internal.ProviderInstanceBindingImpl::<init> (23 bytes)
Event: 12.780 Thread 0x00000157557e6200 nmethod 4749 0x00000157009ea810 code [0x00000157009ea9c0, 0x00000157009eac58]
Event: 12.993 Thread 0x00000157557e6200 4750       3       java.util.TaskQueue::getMin (7 bytes)
Event: 13.798 Thread 0x00000157557e6200 nmethod 4750 0x00000157009ead90 code [0x00000157009eaf40, 0x00000157009eb078]
Event: 13.798 Thread 0x00000157557e6200 4751       1       ch.qos.logback.classic.Logger::getName (5 bytes)
Event: 13.798 Thread 0x00000157557e6200 nmethod 4751 0x0000015707d07f90 code [0x0000015707d08120, 0x0000015707d081e8]
Event: 13.801 Thread 0x00000157557e6200 4752       3       org.eclipse.osgi.internal.framework.FilterImpl::match (19 bytes)

GC Heap History (20 events):
Event: 6.524 GC heap before
{Heap before GC invocations=5 (full 0):
 PSYoungGen      total 29696K, used 29636K [0x00000000d5580000, 0x00000000d7680000, 0x0000000100000000)
  eden space 25600K, 99% used [0x00000000d5580000,0x00000000d6e71d30,0x00000000d6e80000)
  from space 4096K, 99% used [0x00000000d7280000,0x00000000d767f478,0x00000000d7680000)
  to   space 4096K, 0% used [0x00000000d6e80000,0x00000000d6e80000,0x00000000d7280000)
 ParOldGen       total 68608K, used 6605K [0x0000000080000000, 0x0000000084300000, 0x00000000d5580000)
  object space 68608K, 9% used [0x0000000080000000,0x0000000080673560,0x0000000084300000)
 Metaspace       used 15258K, committed 15808K, reserved 1114112K
  class space    used 1530K, committed 1792K, reserved 1048576K
}
Event: 6.529 GC heap after
{Heap after GC invocations=5 (full 0):
 PSYoungGen      total 29184K, used 4086K [0x00000000d5580000, 0x00000000d7a00000, 0x0000000100000000)
  eden space 25088K, 0% used [0x00000000d5580000,0x00000000d5580000,0x00000000d6e00000)
  from space 4096K, 99% used [0x00000000d6e80000,0x00000000d727d800,0x00000000d7280000)
  to   space 6144K, 0% used [0x00000000d7400000,0x00000000d7400000,0x00000000d7a00000)
 ParOldGen       total 68608K, used 7878K [0x0000000080000000, 0x0000000084300000, 0x00000000d5580000)
  object space 68608K, 11% used [0x0000000080000000,0x00000000807b1800,0x0000000084300000)
 Metaspace       used 15258K, committed 15808K, reserved 1114112K
  class space    used 1530K, committed 1792K, reserved 1048576K
}
Event: 7.541 GC heap before
{Heap before GC invocations=6 (full 0):
 PSYoungGen      total 29184K, used 29174K [0x00000000d5580000, 0x00000000d7a00000, 0x0000000100000000)
  eden space 25088K, 100% used [0x00000000d5580000,0x00000000d6e00000,0x00000000d6e00000)
  from space 4096K, 99% used [0x00000000d6e80000,0x00000000d727d800,0x00000000d7280000)
  to   space 6144K, 0% used [0x00000000d7400000,0x00000000d7400000,0x00000000d7a00000)
 ParOldGen       total 68608K, used 7878K [0x0000000080000000, 0x0000000084300000, 0x00000000d5580000)
  object space 68608K, 11% used [0x0000000080000000,0x00000000807b1800,0x0000000084300000)
 Metaspace       used 17775K, committed 18560K, reserved 1114112K
  class space    used 1804K, committed 2112K, reserved 1048576K
}
Event: 7.545 GC heap after
{Heap after GC invocations=6 (full 0):
 PSYoungGen      total 29184K, used 4110K [0x00000000d5580000, 0x00000000d7880000, 0x0000000100000000)
  eden space 24576K, 0% used [0x00000000d5580000,0x00000000d5580000,0x00000000d6d80000)
  from space 4608K, 89% used [0x00000000d7400000,0x00000000d7803b18,0x00000000d7880000)
  to   space 5120K, 0% used [0x00000000d6e80000,0x00000000d6e80000,0x00000000d7380000)
 ParOldGen       total 68608K, used 7886K [0x0000000080000000, 0x0000000084300000, 0x00000000d5580000)
  object space 68608K, 11% used [0x0000000080000000,0x00000000807b3800,0x0000000084300000)
 Metaspace       used 17775K, committed 18560K, reserved 1114112K
  class space    used 1804K, committed 2112K, reserved 1048576K
}
Event: 8.334 GC heap before
{Heap before GC invocations=7 (full 0):
 PSYoungGen      total 29184K, used 28686K [0x00000000d5580000, 0x00000000d7880000, 0x0000000100000000)
  eden space 24576K, 100% used [0x00000000d5580000,0x00000000d6d80000,0x00000000d6d80000)
  from space 4608K, 89% used [0x00000000d7400000,0x00000000d7803b18,0x00000000d7880000)
  to   space 5120K, 0% used [0x00000000d6e80000,0x00000000d6e80000,0x00000000d7380000)
 ParOldGen       total 68608K, used 7886K [0x0000000080000000, 0x0000000084300000, 0x00000000d5580000)
  object space 68608K, 11% used [0x0000000080000000,0x00000000807b3800,0x0000000084300000)
 Metaspace       used 20681K, committed 21504K, reserved 1114112K
  class space    used 2084K, committed 2432K, reserved 1048576K
}
Event: 8.340 GC heap after
{Heap after GC invocations=7 (full 0):
 PSYoungGen      total 29184K, used 5111K [0x00000000d5580000, 0x00000000d7d00000, 0x0000000100000000)
  eden space 24064K, 0% used [0x00000000d5580000,0x00000000d5580000,0x00000000d6d00000)
  from space 5120K, 99% used [0x00000000d6e80000,0x00000000d737df08,0x00000000d7380000)
  to   space 8192K, 0% used [0x00000000d7500000,0x00000000d7500000,0x00000000d7d00000)
 ParOldGen       total 68608K, used 9973K [0x0000000080000000, 0x0000000084300000, 0x00000000d5580000)
  object space 68608K, 14% used [0x0000000080000000,0x00000000809bd5d8,0x0000000084300000)
 Metaspace       used 20681K, committed 21504K, reserved 1114112K
  class space    used 2084K, committed 2432K, reserved 1048576K
}
Event: 8.376 GC heap before
{Heap before GC invocations=8 (full 0):
 PSYoungGen      total 29184K, used 12528K [0x00000000d5580000, 0x00000000d7d00000, 0x0000000100000000)
  eden space 24064K, 30% used [0x00000000d5580000,0x00000000d5cbe4d8,0x00000000d6d00000)
  from space 5120K, 99% used [0x00000000d6e80000,0x00000000d737df08,0x00000000d7380000)
  to   space 8192K, 0% used [0x00000000d7500000,0x00000000d7500000,0x00000000d7d00000)
 ParOldGen       total 68608K, used 9973K [0x0000000080000000, 0x0000000084300000, 0x00000000d5580000)
  object space 68608K, 14% used [0x0000000080000000,0x00000000809bd5d8,0x0000000084300000)
 Metaspace       used 20715K, committed 21504K, reserved 1114112K
  class space    used 2084K, committed 2432K, reserved 1048576K
}
Event: 8.379 GC heap after
{Heap after GC invocations=8 (full 0):
 PSYoungGen      total 28672K, used 4572K [0x00000000d5580000, 0x00000000d7980000, 0x0000000100000000)
  eden space 24064K, 0% used [0x00000000d5580000,0x00000000d5580000,0x00000000d6d00000)
  from space 4608K, 99% used [0x00000000d7500000,0x00000000d79771d8,0x00000000d7980000)
  to   space 5632K, 0% used [0x00000000d6e80000,0x00000000d6e80000,0x00000000d7400000)
 ParOldGen       total 68608K, used 10300K [0x0000000080000000, 0x0000000084300000, 0x00000000d5580000)
  object space 68608K, 15% used [0x0000000080000000,0x0000000080a0f040,0x0000000084300000)
 Metaspace       used 20715K, committed 21504K, reserved 1114112K
  class space    used 2084K, committed 2432K, reserved 1048576K
}
Event: 8.379 GC heap before
{Heap before GC invocations=9 (full 1):
 PSYoungGen      total 28672K, used 4572K [0x00000000d5580000, 0x00000000d7980000, 0x0000000100000000)
  eden space 24064K, 0% used [0x00000000d5580000,0x00000000d5580000,0x00000000d6d00000)
  from space 4608K, 99% used [0x00000000d7500000,0x00000000d79771d8,0x00000000d7980000)
  to   space 5632K, 0% used [0x00000000d6e80000,0x00000000d6e80000,0x00000000d7400000)
 ParOldGen       total 68608K, used 10300K [0x0000000080000000, 0x0000000084300000, 0x00000000d5580000)
  object space 68608K, 15% used [0x0000000080000000,0x0000000080a0f040,0x0000000084300000)
 Metaspace       used 20715K, committed 21504K, reserved 1114112K
  class space    used 2084K, committed 2432K, reserved 1048576K
}
Event: 8.420 GC heap after
{Heap after GC invocations=9 (full 1):
 PSYoungGen      total 28672K, used 0K [0x00000000d5580000, 0x00000000d7980000, 0x0000000100000000)
  eden space 24064K, 0% used [0x00000000d5580000,0x00000000d5580000,0x00000000d6d00000)
  from space 4608K, 0% used [0x00000000d7500000,0x00000000d7500000,0x00000000d7980000)
  to   space 5632K, 0% used [0x00000000d6e80000,0x00000000d6e80000,0x00000000d7400000)
 ParOldGen       total 68608K, used 13128K [0x0000000080000000, 0x0000000084300000, 0x00000000d5580000)
  object space 68608K, 19% used [0x0000000080000000,0x0000000080cd2280,0x0000000084300000)
 Metaspace       used 20702K, committed 21504K, reserved 1114112K
  class space    used 2080K, committed 2432K, reserved 1048576K
}
Event: 9.106 GC heap before
{Heap before GC invocations=10 (full 1):
 PSYoungGen      total 28672K, used 24064K [0x00000000d5580000, 0x00000000d7980000, 0x0000000100000000)
  eden space 24064K, 100% used [0x00000000d5580000,0x00000000d6d00000,0x00000000d6d00000)
  from space 4608K, 0% used [0x00000000d7500000,0x00000000d7500000,0x00000000d7980000)
  to   space 5632K, 0% used [0x00000000d6e80000,0x00000000d6e80000,0x00000000d7400000)
 ParOldGen       total 68608K, used 13128K [0x0000000080000000, 0x0000000084300000, 0x00000000d5580000)
  object space 68608K, 19% used [0x0000000080000000,0x0000000080cd2280,0x0000000084300000)
 Metaspace       used 24534K, committed 25344K, reserved 1114112K
  class space    used 2379K, committed 2688K, reserved 1048576K
}
Event: 9.109 GC heap after
{Heap after GC invocations=10 (full 1):
 PSYoungGen      total 26624K, used 2764K [0x00000000d5580000, 0x00000000d7580000, 0x0000000100000000)
  eden space 23552K, 0% used [0x00000000d5580000,0x00000000d5580000,0x00000000d6c80000)
  from space 3072K, 89% used [0x00000000d6e80000,0x00000000d7133110,0x00000000d7180000)
  to   space 4096K, 0% used [0x00000000d7180000,0x00000000d7180000,0x00000000d7580000)
 ParOldGen       total 68608K, used 13136K [0x0000000080000000, 0x0000000084300000, 0x00000000d5580000)
  object space 68608K, 19% used [0x0000000080000000,0x0000000080cd4280,0x0000000084300000)
 Metaspace       used 24534K, committed 25344K, reserved 1114112K
  class space    used 2379K, committed 2688K, reserved 1048576K
}
Event: 9.293 GC heap before
{Heap before GC invocations=11 (full 1):
 PSYoungGen      total 26624K, used 26316K [0x00000000d5580000, 0x00000000d7580000, 0x0000000100000000)
  eden space 23552K, 100% used [0x00000000d5580000,0x00000000d6c80000,0x00000000d6c80000)
  from space 3072K, 89% used [0x00000000d6e80000,0x00000000d7133110,0x00000000d7180000)
  to   space 4096K, 0% used [0x00000000d7180000,0x00000000d7180000,0x00000000d7580000)
 ParOldGen       total 68608K, used 13136K [0x0000000080000000, 0x0000000084300000, 0x00000000d5580000)
  object space 68608K, 19% used [0x0000000080000000,0x0000000080cd4280,0x0000000084300000)
 Metaspace       used 26471K, committed 27328K, reserved 1114112K
  class space    used 2559K, committed 2880K, reserved 1048576K
}
Event: 9.295 GC heap after
{Heap after GC invocations=11 (full 1):
 PSYoungGen      total 25600K, used 2440K [0x00000000d5580000, 0x00000000d7400000, 0x0000000100000000)
  eden space 23040K, 0% used [0x00000000d5580000,0x00000000d5580000,0x00000000d6c00000)
  from space 2560K, 95% used [0x00000000d7180000,0x00000000d73e22b0,0x00000000d7400000)
  to   space 3072K, 0% used [0x00000000d6e00000,0x00000000d6e00000,0x00000000d7100000)
 ParOldGen       total 68608K, used 13136K [0x0000000080000000, 0x0000000084300000, 0x00000000d5580000)
  object space 68608K, 19% used [0x0000000080000000,0x0000000080cd4280,0x0000000084300000)
 Metaspace       used 26471K, committed 27328K, reserved 1114112K
  class space    used 2559K, committed 2880K, reserved 1048576K
}
Event: 9.733 GC heap before
{Heap before GC invocations=12 (full 1):
 PSYoungGen      total 25600K, used 25480K [0x00000000d5580000, 0x00000000d7400000, 0x0000000100000000)
  eden space 23040K, 100% used [0x00000000d5580000,0x00000000d6c00000,0x00000000d6c00000)
  from space 2560K, 95% used [0x00000000d7180000,0x00000000d73e22b0,0x00000000d7400000)
  to   space 3072K, 0% used [0x00000000d6e00000,0x00000000d6e00000,0x00000000d7100000)
 ParOldGen       total 68608K, used 13136K [0x0000000080000000, 0x0000000084300000, 0x00000000d5580000)
  object space 68608K, 19% used [0x0000000080000000,0x0000000080cd4280,0x0000000084300000)
 Metaspace       used 28954K, committed 29888K, reserved 1114112K
  class space    used 2863K, committed 3264K, reserved 1048576K
}
Event: 9.737 GC heap after
{Heap after GC invocations=12 (full 1):
 PSYoungGen      total 24064K, used 1150K [0x00000000d5580000, 0x00000000d7200000, 0x0000000100000000)
  eden space 22528K, 0% used [0x00000000d5580000,0x00000000d5580000,0x00000000d6b80000)
  from space 1536K, 74% used [0x00000000d6e00000,0x00000000d6f1f900,0x00000000d6f80000)
  to   space 2048K, 0% used [0x00000000d7000000,0x00000000d7000000,0x00000000d7200000)
 ParOldGen       total 68608K, used 15329K [0x0000000080000000, 0x0000000084300000, 0x00000000d5580000)
  object space 68608K, 22% used [0x0000000080000000,0x0000000080ef85a8,0x0000000084300000)
 Metaspace       used 28954K, committed 29888K, reserved 1114112K
  class space    used 2863K, committed 3264K, reserved 1048576K
}
Event: 10.125 GC heap before
{Heap before GC invocations=13 (full 1):
 PSYoungGen      total 24064K, used 23678K [0x00000000d5580000, 0x00000000d7200000, 0x0000000100000000)
  eden space 22528K, 100% used [0x00000000d5580000,0x00000000d6b80000,0x00000000d6b80000)
  from space 1536K, 74% used [0x00000000d6e00000,0x00000000d6f1f900,0x00000000d6f80000)
  to   space 2048K, 0% used [0x00000000d7000000,0x00000000d7000000,0x00000000d7200000)
 ParOldGen       total 68608K, used 15329K [0x0000000080000000, 0x0000000084300000, 0x00000000d5580000)
  object space 68608K, 22% used [0x0000000080000000,0x0000000080ef85a8,0x0000000084300000)
 Metaspace       used 31275K, committed 32256K, reserved 1114112K
  class space    used 3137K, committed 3584K, reserved 1048576K
}
Event: 10.128 GC heap after
{Heap after GC invocations=13 (full 1):
 PSYoungGen      total 23552K, used 1056K [0x00000000d5580000, 0x00000000d7180000, 0x0000000100000000)
  eden space 22016K, 0% used [0x00000000d5580000,0x00000000d5580000,0x00000000d6b00000)
  from space 1536K, 68% used [0x00000000d7000000,0x00000000d7108000,0x00000000d7180000)
  to   space 1536K, 0% used [0x00000000d6e80000,0x00000000d6e80000,0x00000000d7000000)
 ParOldGen       total 68608K, used 16256K [0x0000000080000000, 0x0000000084300000, 0x00000000d5580000)
  object space 68608K, 23% used [0x0000000080000000,0x0000000080fe02f0,0x0000000084300000)
 Metaspace       used 31275K, committed 32256K, reserved 1114112K
  class space    used 3137K, committed 3584K, reserved 1048576K
}
Event: 12.706 GC heap before
{Heap before GC invocations=14 (full 1):
 PSYoungGen      total 23552K, used 23072K [0x00000000d5580000, 0x00000000d7180000, 0x0000000100000000)
  eden space 22016K, 100% used [0x00000000d5580000,0x00000000d6b00000,0x00000000d6b00000)
  from space 1536K, 68% used [0x00000000d7000000,0x00000000d7108000,0x00000000d7180000)
  to   space 1536K, 0% used [0x00000000d6e80000,0x00000000d6e80000,0x00000000d7000000)
 ParOldGen       total 68608K, used 16256K [0x0000000080000000, 0x0000000084300000, 0x00000000d5580000)
  object space 68608K, 23% used [0x0000000080000000,0x0000000080fe02f0,0x0000000084300000)
 Metaspace       used 33767K, committed 34688K, reserved 1114112K
  class space    used 3444K, committed 3840K, reserved 1048576K
}
Event: 12.708 GC heap after
{Heap after GC invocations=14 (full 1):
 PSYoungGen      total 23040K, used 963K [0x00000000d5580000, 0x00000000d7080000, 0x0000000100000000)
  eden space 22016K, 0% used [0x00000000d5580000,0x00000000d5580000,0x00000000d6b00000)
  from space 1024K, 94% used [0x00000000d6e80000,0x00000000d6f70f40,0x00000000d6f80000)
  to   space 1024K, 0% used [0x00000000d6f80000,0x00000000d6f80000,0x00000000d7080000)
 ParOldGen       total 68608K, used 17020K [0x0000000080000000, 0x0000000084300000, 0x00000000d5580000)
  object space 68608K, 24% used [0x0000000080000000,0x000000008109f310,0x0000000084300000)
 Metaspace       used 33767K, committed 34688K, reserved 1114112K
  class space    used 3444K, committed 3840K, reserved 1048576K
}

Dll operation events (10 events):
Event: 0.028 Loaded shared library c:\Users\adity\.vscode\extensions\redhat.java-1.43.1-win32-x64\jre\21.0.7-win32-x86_64\bin\java.dll
Event: 0.169 Loaded shared library c:\Users\adity\.vscode\extensions\redhat.java-1.43.1-win32-x64\jre\21.0.7-win32-x86_64\bin\zip.dll
Event: 0.210 Loaded shared library C:\Users\adity\.vscode\extensions\redhat.java-1.43.1-win32-x64\jre\21.0.7-win32-x86_64\bin\instrument.dll
Event: 0.222 Loaded shared library C:\Users\adity\.vscode\extensions\redhat.java-1.43.1-win32-x64\jre\21.0.7-win32-x86_64\bin\net.dll
Event: 0.228 Loaded shared library C:\Users\adity\.vscode\extensions\redhat.java-1.43.1-win32-x64\jre\21.0.7-win32-x86_64\bin\nio.dll
Event: 0.237 Loaded shared library C:\Users\adity\.vscode\extensions\redhat.java-1.43.1-win32-x64\jre\21.0.7-win32-x86_64\bin\zip.dll
Event: 0.276 Loaded shared library C:\Users\adity\.vscode\extensions\redhat.java-1.43.1-win32-x64\jre\21.0.7-win32-x86_64\bin\jimage.dll
Event: 0.435 Loaded shared library c:\Users\adity\.vscode\extensions\redhat.java-1.43.1-win32-x64\jre\21.0.7-win32-x86_64\bin\verify.dll
Event: 2.847 Loaded shared library C:\Users\adity\AppData\Roaming\Code\User\globalStorage\redhat.java\1.43.1\config_win\org.eclipse.equinox.launcher\org.eclipse.equinox.launcher.win32.win32.x86_64_1.2.1300.v20250331-1702\eclipse_11911.dll
Event: 10.590 Loaded shared library C:\Users\adity\AppData\Local\Temp\jna-92665259\jna14280089738326413737.dll

Deoptimization events (20 events):
Event: 12.711 Thread 0x000001575a63c320 Uncommon trap: trap_request=0xffffffc6 fr.pc=0x0000015707c45674 relative=0x0000000000000194
Event: 12.711 Thread 0x000001575a63c320 Uncommon trap: reason=bimorphic_or_optimized_type_check action=maybe_recompile pc=0x0000015707c45674 method=java.util.Collections$UnmodifiableList.get(I)Ljava/lang/Object; @ 5 c2
Event: 12.711 Thread 0x000001575a63c320 DEOPT PACKING pc=0x0000015707c45674 sp=0x00000006bdefc560
Event: 12.711 Thread 0x000001575a63c320 DEOPT UNPACKING pc=0x0000015707583aa2 sp=0x00000006bdefc4f8 mode 2
Event: 12.712 Thread 0x000001575a63c320 Uncommon trap: trap_request=0xffffffc6 fr.pc=0x0000015707c45674 relative=0x0000000000000194
Event: 12.712 Thread 0x000001575a63c320 Uncommon trap: reason=bimorphic_or_optimized_type_check action=maybe_recompile pc=0x0000015707c45674 method=java.util.Collections$UnmodifiableList.get(I)Ljava/lang/Object; @ 5 c2
Event: 12.712 Thread 0x000001575a63c320 DEOPT PACKING pc=0x0000015707c45674 sp=0x00000006bdefc560
Event: 12.712 Thread 0x000001575a63c320 DEOPT UNPACKING pc=0x0000015707583aa2 sp=0x00000006bdefc4f8 mode 2
Event: 12.712 Thread 0x000001575a63c320 Uncommon trap: trap_request=0xffffffc6 fr.pc=0x0000015707c45674 relative=0x0000000000000194
Event: 12.712 Thread 0x000001575a63c320 Uncommon trap: reason=bimorphic_or_optimized_type_check action=maybe_recompile pc=0x0000015707c45674 method=java.util.Collections$UnmodifiableList.get(I)Ljava/lang/Object; @ 5 c2
Event: 12.712 Thread 0x000001575a63c320 DEOPT PACKING pc=0x0000015707c45674 sp=0x00000006bdefc560
Event: 12.712 Thread 0x000001575a63c320 DEOPT UNPACKING pc=0x0000015707583aa2 sp=0x00000006bdefc4f8 mode 2
Event: 12.712 Thread 0x000001575a63c320 Uncommon trap: trap_request=0xffffffc6 fr.pc=0x0000015707c45674 relative=0x0000000000000194
Event: 12.712 Thread 0x000001575a63c320 Uncommon trap: reason=bimorphic_or_optimized_type_check action=maybe_recompile pc=0x0000015707c45674 method=java.util.Collections$UnmodifiableList.get(I)Ljava/lang/Object; @ 5 c2
Event: 12.712 Thread 0x000001575a63c320 DEOPT PACKING pc=0x0000015707c45674 sp=0x00000006bdefc560
Event: 12.712 Thread 0x000001575a63c320 DEOPT UNPACKING pc=0x0000015707583aa2 sp=0x00000006bdefc4f8 mode 2
Event: 12.737 Thread 0x000001575a63c320 Uncommon trap: trap_request=0xffffff45 fr.pc=0x0000015707c965bc relative=0x000000000000043c
Event: 12.737 Thread 0x000001575a63c320 Uncommon trap: reason=unstable_if action=reinterpret pc=0x0000015707c965bc method=java.util.regex.Pattern$BmpCharPropertyGreedy.match(Ljava/util/regex/Matcher;ILjava/lang/CharSequence;)Z @ 12 c2
Event: 12.737 Thread 0x000001575a63c320 DEOPT PACKING pc=0x0000015707c965bc sp=0x00000006bdefdcc0
Event: 12.737 Thread 0x000001575a63c320 DEOPT UNPACKING pc=0x0000015707583aa2 sp=0x00000006bdefdc58 mode 2

Classes loaded (20 events):
Event: 12.655 Loading class java/io/PrintWriter
Event: 12.655 Loading class java/io/PrintWriter done
Event: 12.688 Loading class javax/crypto/IllegalBlockSizeException
Event: 12.688 Loading class javax/crypto/IllegalBlockSizeException done
Event: 12.688 Loading class javax/crypto/BadPaddingException
Event: 12.688 Loading class javax/crypto/BadPaddingException done
Event: 12.692 Loading class java/security/spec/InvalidParameterSpecException
Event: 12.692 Loading class java/security/spec/InvalidParameterSpecException done
Event: 12.692 Loading class java/security/InvalidAlgorithmParameterException
Event: 12.692 Loading class java/security/InvalidAlgorithmParameterException done
Event: 12.692 Loading class java/security/spec/InvalidKeySpecException
Event: 12.692 Loading class java/security/spec/InvalidKeySpecException done
Event: 12.692 Loading class javax/crypto/NoSuchPaddingException
Event: 12.692 Loading class javax/crypto/NoSuchPaddingException done
Event: 12.693 Loading class javax/crypto/spec/PBEKeySpec
Event: 12.694 Loading class javax/crypto/spec/PBEKeySpec done
Event: 12.714 Loading class jdk/internal/reflect/MethodHandleBooleanFieldAccessorImpl
Event: 12.714 Loading class jdk/internal/reflect/MethodHandleBooleanFieldAccessorImpl done
Event: 12.780 Loading class java/util/concurrent/Executors$DefaultThreadFactory
Event: 12.780 Loading class java/util/concurrent/Executors$DefaultThreadFactory done

Classes unloaded (7 events):
Event: 8.383 Thread 0x000001577bde3950 Unloading class 0x00000157141a4800 'java/lang/invoke/LambdaForm$MH+0x00000157141a4800'
Event: 8.383 Thread 0x000001577bde3950 Unloading class 0x00000157141a4400 'java/lang/invoke/LambdaForm$MH+0x00000157141a4400'
Event: 8.383 Thread 0x000001577bde3950 Unloading class 0x00000157141a4000 'java/lang/invoke/LambdaForm$MH+0x00000157141a4000'
Event: 8.383 Thread 0x000001577bde3950 Unloading class 0x00000157141a3c00 'java/lang/invoke/LambdaForm$MH+0x00000157141a3c00'
Event: 8.383 Thread 0x000001577bde3950 Unloading class 0x00000157141a3800 'java/lang/invoke/LambdaForm$BMH+0x00000157141a3800'
Event: 8.383 Thread 0x000001577bde3950 Unloading class 0x00000157141a3400 'java/lang/invoke/LambdaForm$DMH+0x00000157141a3400'
Event: 8.383 Thread 0x000001577bde3950 Unloading class 0x00000157141a2000 'java/lang/invoke/LambdaForm$DMH+0x00000157141a2000'

Classes redefined (0 events):
No events

Internal exceptions (20 events):
Event: 9.035 Thread 0x000001575ace20a0 Exception <a 'java/lang/NoSuchMethodError'{0x00000000d6728690}: 'int java.lang.invoke.Invokers$Holder.linkToTargetMethod(java.lang.Object, java.lang.Object)'> (0x00000000d6728690) 
thrown [s\src\hotspot\share\interpreter\linkResolver.cpp, line 773]
Event: 9.035 Thread 0x000001575ace1380 Exception <a 'java/lang/NoSuchMethodError'{0x00000000d6727000}: 'int java.lang.invoke.Invokers$Holder.linkToTargetMethod(java.lang.Object, java.lang.Object)'> (0x00000000d6727000) 
thrown [s\src\hotspot\share\interpreter\linkResolver.cpp, line 773]
Event: 9.038 Thread 0x000001575ace20a0 Exception <a 'java/lang/NoSuchMethodError'{0x00000000d67b9030}: 'int java.lang.invoke.DirectMethodHandle$Holder.invokeSpecial(java.lang.Object, java.lang.Object, java.lang.Object, java.lang.Object)'> (0x00000000d67b9030) 
thrown [s\src\hotspot\share\interpreter\linkResolver.cpp, line 773]
Event: 9.040 Thread 0x000001575ace20a0 Exception <a 'java/lang/NoSuchMethodError'{0x00000000d67d3e90}: 'java.lang.Object java.lang.invoke.DirectMethodHandle$Holder.invokeStatic(java.lang.Object, int, java.lang.Object, java.lang.Object)'> (0x00000000d67d3e90) 
thrown [s\src\hotspot\share\interpreter\linkResolver.cpp, line 773]
Event: 9.041 Thread 0x000001575ace20a0 Exception <a 'java/lang/NoSuchMethodError'{0x00000000d67d7670}: 'java.lang.Object java.lang.invoke.DelegatingMethodHandle$Holder.delegate(java.lang.Object, int, java.lang.Object, java.lang.Object)'> (0x00000000d67d7670) 
thrown [s\src\hotspot\share\interpreter\linkResolver.cpp, line 773]
Event: 9.045 Thread 0x000001575ace20a0 Exception <a 'java/lang/NoSuchMethodError'{0x00000000d68811c8}: 'int java.lang.invoke.Invokers$Holder.linkToTargetMethod(java.lang.Object, java.lang.Object, java.lang.Object)'> (0x00000000d68811c8) 
thrown [s\src\hotspot\share\interpreter\linkResolver.cpp, line 773]
Event: 9.097 Thread 0x000001575ace1380 Exception <a 'java/lang/NoSuchMethodError'{0x00000000d6c87b28}: 'java.lang.Object java.lang.invoke.DirectMethodHandle$Holder.invokeSpecialIFC(java.lang.Object, java.lang.Object, java.lang.Object, java.lang.Object)'> (0x00000000d6c87b28) 
thrown [s\src\hotspot\share\interpreter\linkResolver.cpp, line 773]
Event: 9.282 Thread 0x000001575a63c320 Exception <a 'java/io/FileNotFoundException'{0x00000000d6ba05e8}> (0x00000000d6ba05e8) 
thrown [s\src\hotspot\share\prims\jni.cpp, line 520]
Event: 9.591 Thread 0x000001575a63c320 Exception <a 'java/lang/NoSuchMethodError'{0x00000000d6671c00}: 'java.lang.Object java.lang.invoke.DirectMethodHandle$Holder.invokeStaticInit(java.lang.Object, int, int, int, int)'> (0x00000000d6671c00) 
thrown [s\src\hotspot\share\interpreter\linkResolver.cpp, line 773]
Event: 9.668 Thread 0x000001575a63c320 Exception <a 'java/lang/NoSuchMethodError'{0x00000000d68fd980}: 'java.lang.Object java.lang.invoke.DirectMethodHandle$Holder.invokeStaticInit(java.lang.Object, java.lang.Object, int, int, int, int)'> (0x00000000d68fd980) 
thrown [s\src\hotspot\share\interpreter\linkResolver.cpp, line 773]
Event: 9.681 Thread 0x000001575ace1380 Exception <a 'java/lang/NoClassDefFoundError'{0x00000000d6a04b30}: javax/enterprise/inject/Typed> (0x00000000d6a04b30) 
thrown [s\src\hotspot\share\classfile\systemDictionary.cpp, line 301]
Event: 9.909 Thread 0x000001575a63c320 Exception <a 'java/lang/ClassNotFoundException'{0x00000000d61d1ea0}: com/sun/org/apache/xml/internal/serializer/spi/XMLEntitiesProvider> (0x00000000d61d1ea0) 
thrown [s\src\hotspot\share\classfile\systemDictionary.cpp, line 312]
Event: 10.224 Thread 0x000001575a63c320 Exception <a 'java/io/FileNotFoundException'{0x00000000d5a25460}> (0x00000000d5a25460) 
thrown [s\src\hotspot\share\prims\jni.cpp, line 520]
Event: 12.671 Thread 0x000001575a63c320 Exception <a 'java/lang/UnsatisfiedLinkError'{0x00000000d686cf20}: The specified procedure could not be found.
> (0x00000000d686cf20) 
thrown [s\src\hotspot\share\prims\jni.cpp, line 539]
Event: 12.678 Thread 0x000001575a63c320 Exception <a 'java/io/FileNotFoundException'{0x00000000d68f02a8}> (0x00000000d68f02a8) 
thrown [s\src\hotspot\share\prims\jni.cpp, line 520]
Event: 12.694 Thread 0x000001575a63c320 Exception <a 'java/io/FileNotFoundException'{0x00000000d6a07828}> (0x00000000d6a07828) 
thrown [s\src\hotspot\share\prims\jni.cpp, line 520]
Event: 12.715 Thread 0x000001575a63c320 Exception <a 'java/lang/NoSuchMethodError'{0x00000000d55a6b48}: 'void java.lang.invoke.DelegatingMethodHandle$Holder.reinvoke_L(java.lang.Object, java.lang.Object, int)'> (0x00000000d55a6b48) 
thrown [s\src\hotspot\share\interpreter\linkResolver.cpp, line 773]
Event: 12.716 Thread 0x000001575a63c320 Exception <a 'java/lang/NoSuchMethodError'{0x00000000d55ad4e0}: 'int java.lang.invoke.Invokers$Holder.invokeExact_MT(java.lang.Object, java.lang.Object, java.lang.Object)'> (0x00000000d55ad4e0) 
thrown [s\src\hotspot\share\interpreter\linkResolver.cpp, line 773]
Event: 12.719 Thread 0x000001575a63c320 Exception <a 'java/lang/UnsatisfiedLinkError'{0x00000000d5607a48}: The specified procedure could not be found.
> (0x00000000d5607a48) 
thrown [s\src\hotspot\share\prims\jni.cpp, line 539]
Event: 12.727 Thread 0x000001575a63c320 Exception <a 'java/lang/NoSuchMethodError'{0x00000000d5614740}: 'void java.lang.invoke.Invokers$Holder.invokeExact_MT(java.lang.Object, java.lang.Object, int, java.lang.Object)'> (0x00000000d5614740) 
thrown [s\src\hotspot\share\interpreter\linkResolver.cpp, line 773]

ZGC Phase Switch (0 events):
No events

VM Operations (20 events):
Event: 9.913 Executing VM operation: HandshakeAllThreads (Deoptimize)
Event: 9.915 Executing VM operation: HandshakeAllThreads (Deoptimize) done
Event: 10.019 Executing VM operation: HandshakeAllThreads (Deoptimize)
Event: 10.019 Executing VM operation: HandshakeAllThreads (Deoptimize) done
Event: 10.125 Executing VM operation: ParallelGCFailedAllocation (Allocation Failure)
Event: 10.128 Executing VM operation: ParallelGCFailedAllocation (Allocation Failure) done
Event: 10.137 Executing VM operation: HandshakeAllThreads (Deoptimize)
Event: 10.137 Executing VM operation: HandshakeAllThreads (Deoptimize) done
Event: 10.545 Executing VM operation: HandshakeAllThreads (Deoptimize)
Event: 10.545 Executing VM operation: HandshakeAllThreads (Deoptimize) done
Event: 11.544 Executing VM operation: Cleanup
Event: 12.644 Executing VM operation: Cleanup done
Event: 12.650 Executing VM operation: HandshakeAllThreads (Deoptimize)
Event: 12.650 Executing VM operation: HandshakeAllThreads (Deoptimize) done
Event: 12.651 Executing VM operation: HandshakeAllThreads (Deoptimize)
Event: 12.651 Executing VM operation: HandshakeAllThreads (Deoptimize) done
Event: 12.706 Executing VM operation: ParallelGCFailedAllocation (Allocation Failure)
Event: 12.708 Executing VM operation: ParallelGCFailedAllocation (Allocation Failure) done
Event: 13.719 Executing VM operation: Cleanup
Event: 13.797 Executing VM operation: Cleanup done

Memory protections (0 events):
No events

Nmethod flushes (0 events):
No events

Events (20 events):
Event: 4.187 Thread 0x000001575a63c320 Thread added: 0x000001575adeae50
Event: 4.416 Thread 0x000001575ab1c5f0 Thread exited: 0x000001575ab1c5f0
Event: 4.485 Thread 0x000001575a63c320 Thread added: 0x000001575ace0cf0
Event: 6.002 Thread 0x000001575a63c320 Thread added: 0x000001575acdffd0
Event: 6.636 Thread 0x000001575a63c320 Thread added: 0x000001575ace20a0
Event: 6.675 Thread 0x000001575a63c320 Thread added: 0x000001575ace1380
Event: 6.778 Thread 0x00000157557e6200 Thread added: 0x000001575a5b6340
Event: 7.302 Thread 0x000001575a5b6340 Thread exited: 0x000001575a5b6340
Event: 7.428 Thread 0x00000157557e6200 Thread added: 0x000001575bdf62a0
Event: 7.860 Thread 0x000001575bdf62a0 Thread exited: 0x000001575bdf62a0
Event: 8.215 Thread 0x00000157557e6200 Thread added: 0x000001575aa450d0
Event: 8.738 Thread 0x000001575aa450d0 Thread exited: 0x000001575aa450d0
Event: 9.016 Thread 0x000001575ace20a0 Thread added: 0x000001575ace0660
Event: 9.090 Thread 0x00000157557e6200 Thread added: 0x000001575b149fe0
Event: 9.146 Thread 0x000001575ace0660 Thread added: 0x000001575ace1a10
Event: 9.498 Thread 0x000001575a63c320 Thread added: 0x000001575ace2730
Event: 9.528 Thread 0x00000157557e6200 Thread added: 0x000001575d0578a0
Event: 12.659 Thread 0x000001575a63c320 Thread added: 0x000001575acdf940
Event: 12.773 Thread 0x000001575ace1a10 Thread added: 0x000001575c4a9040
Event: 13.021 Thread 0x000001575ace0cf0 Thread exited: 0x000001575ace0cf0


Dynamic libraries:
0x00007ff69dc50000 - 0x00007ff69dc5e000 	c:\Users\adity\.vscode\extensions\redhat.java-1.43.1-win32-x64\jre\21.0.7-win32-x86_64\bin\java.exe
0x00007ffe3e6c0000 - 0x00007ffe3e928000 	C:\WINDOWS\SYSTEM32\ntdll.dll
0x00007ffe3cdd0000 - 0x00007ffe3ce99000 	C:\WINDOWS\System32\KERNEL32.DLL
0x00007ffe3bcc0000 - 0x00007ffe3c0ad000 	C:\WINDOWS\System32\KERNELBASE.dll
0x00007ffe3c310000 - 0x00007ffe3c45b000 	C:\WINDOWS\System32\ucrtbase.dll
0x00007ffe263d0000 - 0x00007ffe263e8000 	c:\Users\adity\.vscode\extensions\redhat.java-1.43.1-win32-x64\jre\21.0.7-win32-x86_64\bin\jli.dll
0x00007ffe263b0000 - 0x00007ffe263ce000 	c:\Users\adity\.vscode\extensions\redhat.java-1.43.1-win32-x64\jre\21.0.7-win32-x86_64\bin\VCRUNTIME140.dll
0x00007ffe3d970000 - 0x00007ffe3db3c000 	C:\WINDOWS\System32\USER32.dll
0x00007ffe266c0000 - 0x00007ffe2695a000 	C:\WINDOWS\WinSxS\amd64_microsoft.windows.common-controls_6595b64144ccf1df_6.0.26100.4484_none_3e0e6d4ce32ef3b3\COMCTL32.dll
0x00007ffe3c160000 - 0x00007ffe3c187000 	C:\WINDOWS\System32\win32u.dll
0x00007ffe3c740000 - 0x00007ffe3c7e9000 	C:\WINDOWS\System32\msvcrt.dll
0x00007ffe3c5a0000 - 0x00007ffe3c5cb000 	C:\WINDOWS\System32\GDI32.dll
0x00007ffe3b810000 - 0x00007ffe3b947000 	C:\WINDOWS\System32\gdi32full.dll
0x00007ffe3c0b0000 - 0x00007ffe3c153000 	C:\WINDOWS\System32\msvcp_win.dll
0x00007ffe3d380000 - 0x00007ffe3d3af000 	C:\WINDOWS\System32\IMM32.DLL
0x00007ffe38e10000 - 0x00007ffe38e1c000 	c:\Users\adity\.vscode\extensions\redhat.java-1.43.1-win32-x64\jre\21.0.7-win32-x86_64\bin\vcruntime140_1.dll
0x00007ffdfb800000 - 0x00007ffdfb88d000 	c:\Users\adity\.vscode\extensions\redhat.java-1.43.1-win32-x64\jre\21.0.7-win32-x86_64\bin\msvcp140.dll
0x00007ffdc1b10000 - 0x00007ffdc28a0000 	c:\Users\adity\.vscode\extensions\redhat.java-1.43.1-win32-x64\jre\21.0.7-win32-x86_64\bin\server\jvm.dll
0x00007ffe3cea0000 - 0x00007ffe3cf54000 	C:\WINDOWS\System32\ADVAPI32.dll
0x00007ffe3c460000 - 0x00007ffe3c506000 	C:\WINDOWS\System32\sechost.dll
0x00007ffe3d850000 - 0x00007ffe3d968000 	C:\WINDOWS\System32\RPCRT4.dll
0x00007ffe3c670000 - 0x00007ffe3c6e4000 	C:\WINDOWS\System32\WS2_32.dll
0x00007ffe3b660000 - 0x00007ffe3b6be000 	C:\WINDOWS\SYSTEM32\POWRPROF.dll
0x00007ffe32a90000 - 0x00007ffe32a9b000 	C:\WINDOWS\SYSTEM32\VERSION.dll
0x00007ffe32a50000 - 0x00007ffe32a85000 	C:\WINDOWS\SYSTEM32\WINMM.dll
0x00007ffe3b640000 - 0x00007ffe3b654000 	C:\WINDOWS\SYSTEM32\UMPDC.dll
0x00007ffe3a5b0000 - 0x00007ffe3a5cb000 	C:\WINDOWS\SYSTEM32\kernel.appcore.dll
0x00007ffe34080000 - 0x00007ffe3408a000 	c:\Users\adity\.vscode\extensions\redhat.java-1.43.1-win32-x64\jre\21.0.7-win32-x86_64\bin\jimage.dll
0x00007ffe2fc50000 - 0x00007ffe2fe91000 	C:\WINDOWS\SYSTEM32\DBGHELP.DLL
0x00007ffe3c7f0000 - 0x00007ffe3cb76000 	C:\WINDOWS\System32\combase.dll
0x00007ffe3cfd0000 - 0x00007ffe3d0b0000 	C:\WINDOWS\System32\OLEAUT32.dll
0x00007ffe23b30000 - 0x00007ffe23b73000 	C:\WINDOWS\SYSTEM32\dbgcore.DLL
0x00007ffe3bc20000 - 0x00007ffe3bcb9000 	C:\WINDOWS\System32\bcryptPrimitives.dll
0x00007ffe27910000 - 0x00007ffe2791f000 	c:\Users\adity\.vscode\extensions\redhat.java-1.43.1-win32-x64\jre\21.0.7-win32-x86_64\bin\instrument.dll
0x00007ffe26390000 - 0x00007ffe263af000 	c:\Users\adity\.vscode\extensions\redhat.java-1.43.1-win32-x64\jre\21.0.7-win32-x86_64\bin\java.dll
0x00007ffe3dc70000 - 0x00007ffe3e3ba000 	C:\WINDOWS\System32\SHELL32.dll
0x00007ffe3ba10000 - 0x00007ffe3bb84000 	C:\WINDOWS\System32\wintypes.dll
0x00007ffe39430000 - 0x00007ffe39c8b000 	C:\WINDOWS\SYSTEM32\windows.storage.dll
0x00007ffe3e3c0000 - 0x00007ffe3e4b5000 	C:\WINDOWS\System32\SHCORE.dll
0x00007ffe3cf60000 - 0x00007ffe3cfca000 	C:\WINDOWS\System32\shlwapi.dll
0x00007ffe3b720000 - 0x00007ffe3b74f000 	C:\WINDOWS\SYSTEM32\profapi.dll
0x00007ffe16460000 - 0x00007ffe16478000 	c:\Users\adity\.vscode\extensions\redhat.java-1.43.1-win32-x64\jre\21.0.7-win32-x86_64\bin\zip.dll
0x00007ffe2f6b0000 - 0x00007ffe2f6c0000 	C:\Users\adity\.vscode\extensions\redhat.java-1.43.1-win32-x64\jre\21.0.7-win32-x86_64\bin\net.dll
0x00007ffe34e60000 - 0x00007ffe34f7e000 	C:\WINDOWS\SYSTEM32\WINHTTP.dll
0x00007ffe3ab40000 - 0x00007ffe3abaa000 	C:\WINDOWS\system32\mswsock.dll
0x00007ffe0a810000 - 0x00007ffe0a826000 	C:\Users\adity\.vscode\extensions\redhat.java-1.43.1-win32-x64\jre\21.0.7-win32-x86_64\bin\nio.dll
0x00007ffe26300000 - 0x00007ffe26310000 	c:\Users\adity\.vscode\extensions\redhat.java-1.43.1-win32-x64\jre\21.0.7-win32-x86_64\bin\verify.dll
0x00007ffdf8d20000 - 0x00007ffdf8d65000 	C:\Users\adity\AppData\Roaming\Code\User\globalStorage\redhat.java\1.43.1\config_win\org.eclipse.equinox.launcher\org.eclipse.equinox.launcher.win32.win32.x86_64_1.2.1300.v20250331-1702\eclipse_11911.dll
0x00007ffe3e4d0000 - 0x00007ffe3e66e000 	C:\WINDOWS\System32\ole32.dll
0x00007ffe3ae00000 - 0x00007ffe3ae1b000 	C:\WINDOWS\SYSTEM32\CRYPTSP.dll
0x00007ffe3a510000 - 0x00007ffe3a54b000 	C:\WINDOWS\system32\rsaenh.dll
0x00007ffe3abe0000 - 0x00007ffe3ac0b000 	C:\WINDOWS\SYSTEM32\USERENV.dll
0x00007ffe3b6f0000 - 0x00007ffe3b716000 	C:\WINDOWS\SYSTEM32\bcrypt.dll
0x00007ffe3adf0000 - 0x00007ffe3adfc000 	C:\WINDOWS\SYSTEM32\CRYPTBASE.dll
0x00007ffe3a010000 - 0x00007ffe3a043000 	C:\WINDOWS\SYSTEM32\IPHLPAPI.DLL
0x00007ffe3c590000 - 0x00007ffe3c59a000 	C:\WINDOWS\System32\NSI.dll
0x00007ffdf7830000 - 0x00007ffdf7879000 	C:\Users\adity\AppData\Local\Temp\jna-92665259\jna14280089738326413737.dll
0x00007ffe3d370000 - 0x00007ffe3d378000 	C:\WINDOWS\System32\PSAPI.DLL
0x00007ffe35e40000 - 0x00007ffe35e5f000 	C:\WINDOWS\SYSTEM32\dhcpcsvc6.DLL
0x00007ffe35d80000 - 0x00007ffe35da5000 	C:\WINDOWS\SYSTEM32\dhcpcsvc.DLL

dbghelp: loaded successfully - version: 4.0.5 - missing functions: none
symbol engine: initialized successfully - sym options: 0x614 - pdb path: .;c:\Users\adity\.vscode\extensions\redhat.java-1.43.1-win32-x64\jre\21.0.7-win32-x86_64\bin;C:\WINDOWS\SYSTEM32;C:\WINDOWS\WinSxS\amd64_microsoft.windows.common-controls_6595b64144ccf1df_6.0.26100.4484_none_3e0e6d4ce32ef3b3;c:\Users\adity\.vscode\extensions\redhat.java-1.43.1-win32-x64\jre\21.0.7-win32-x86_64\bin\server;C:\Users\adity\AppData\Roaming\Code\User\globalStorage\redhat.java\1.43.1\config_win\org.eclipse.equinox.launcher\org.eclipse.equinox.launcher.win32.win32.x86_64_1.2.1300.v20250331-1702;C:\Users\adity\AppData\Local\Temp\jna-92665259

VM Arguments:
jvm_args: --add-modules=ALL-SYSTEM --add-opens=java.base/java.util=ALL-UNNAMED --add-opens=java.base/java.lang=ALL-UNNAMED --add-opens=java.base/sun.nio.fs=ALL-UNNAMED -Declipse.application=org.eclipse.jdt.ls.core.id1 -Dosgi.bundles.defaultStartLevel=4 -Declipse.product=org.eclipse.jdt.ls.core.product -Djava.import.generatesMetadataFilesAtProjectRoot=false -DDetectVMInstallationsJob.disabled=true -Dfile.encoding=utf8 -XX:+UseParallelGC -XX:GCTimeRatio=4 -XX:AdaptiveSizePolicyWeight=90 -Dsun.zip.disableMemoryMapping=true -Xmx2G -Xms100m -Xlog:disable -javaagent:c:\Users\adity\.vscode\extensions\redhat.java-1.43.1-win32-x64\lombok\lombok-1.18.39-4050.jar -XX:+HeapDumpOnOutOfMemoryError -XX:HeapDumpPath=c:\Users\adity\AppData\Roaming\Code\User\workspaceStorage\ac98fe197963a2578e4e69e5fccf90a7\redhat.java -Daether.dependencyCollector.impl=bf 
java_command: c:\Users\adity\.vscode\extensions\redhat.java-1.43.1-win32-x64\server\plugins\org.eclipse.equinox.launcher_1.7.0.v20250519-0528.jar -configuration c:\Users\adity\AppData\Roaming\Code\User\globalStorage\redhat.java\1.43.1\config_win -data c:\Users\adity\AppData\Roaming\Code\User\workspaceStorage\ac98fe197963a2578e4e69e5fccf90a7\redhat.java\jdt_ws --pipe=\\.\pipe\lsp-a5b523690c23e5abfcee4dbd9bae6084-sock
java_class_path (initial): c:\Users\adity\.vscode\extensions\redhat.java-1.43.1-win32-x64\server\plugins\org.eclipse.equinox.launcher_1.7.0.v20250519-0528.jar
Launcher Type: SUN_STANDARD

[Global flags]
    uintx AdaptiveSizePolicyWeight                 = 90                                        {product} {command line}
     intx CICompilerCount                          = 4                                         {product} {ergonomic}
    uintx GCTimeRatio                              = 4                                         {product} {command line}
     bool HeapDumpOnOutOfMemoryError               = true                                   {manageable} {command line}
    ccstr HeapDumpPath                             = c:\Users\adity\AppData\Roaming\Code\User\workspaceStorage\ac98fe197963a2578e4e69e5fccf90a7\redhat.java         {manageable} {command line}
   size_t InitialHeapSize                          = 104857600                                 {product} {command line}
   size_t MaxHeapSize                              = 2147483648                                {product} {command line}
   size_t MaxNewSize                               = 715653120                                 {product} {ergonomic}
   size_t MinHeapDeltaBytes                        = 524288                                    {product} {ergonomic}
   size_t MinHeapSize                              = 104857600                                 {product} {command line}
   size_t NewSize                                  = 34603008                                  {product} {ergonomic}
    uintx NonNMethodCodeHeapSize                   = 5839372                                {pd product} {ergonomic}
    uintx NonProfiledCodeHeapSize                  = 122909434                              {pd product} {ergonomic}
   size_t OldSize                                  = 70254592                                  {product} {ergonomic}
    uintx ProfiledCodeHeapSize                     = 122909434                              {pd product} {ergonomic}
    uintx ReservedCodeCacheSize                    = 251658240                              {pd product} {ergonomic}
     bool SegmentedCodeCache                       = true                                      {product} {ergonomic}
   size_t SoftMaxHeapSize                          = 2147483648                             {manageable} {ergonomic}
     bool UseCompressedOops                        = true                           {product lp64_product} {ergonomic}
     bool UseLargePagesIndividualAllocation        = false                                  {pd product} {ergonomic}
     bool UseParallelGC                            = true                                      {product} {command line}

Logging:
Log output configuration:
 #0: stdout all=off uptime,level,tags foldmultilines=false
 #1: stderr all=off uptime,level,tags foldmultilines=false

Environment Variables:
PATH=C:\Users\adity\AppData\Local\Programs\Python\Python313\Scripts\;C:\Users\adity\AppData\Local\Programs\Python\Python313\;C:\Program Files\Common Files\Oracle\Java\javapath;C:\Windows\system32;C:\Windows;C:\Windows\System32\Wbem;C:\Windows\System32\WindowsPowerShell\v1.0\;C:\Windows\System32\OpenSSH\;C:\Program Files (x86)\NVIDIA Corporation\PhysX\Common;C:\WINDOWS\system32;C:\WINDOWS;C:\WINDOWS\System32\Wbem;C:\WINDOWS\System32\WindowsPowerShell\v1.0\;C:\WINDOWS\System32\OpenSSH\;C:\Program Files\dotnet\;C:\Program Files\NVIDIA Corporation\NVIDIA App\NvDLISR;C:\Program Files\Git\cmd;C:\MinGW\bin;C:\Program Files\Go\bin;C:\ProgramData\chocolatey\bin;C:\Program Files\nodejs\;C:\Program Files\MySQL\MySQL Shell 8.0\bin\;C:\Users\adity\AppData\Local\Microsoft\WindowsApps;C:\Users\adity\AppData\Local\Programs\Microsoft VS Code\bin;C:\Users\adity\go\bin;C:\Users\adity\AppData\Roaming\npm
USERNAME=adity
OS=Windows_NT
PROCESSOR_IDENTIFIER=AMD64 Family 23 Model 96 Stepping 1, AuthenticAMD
TMP=C:\Users\adity\AppData\Local\Temp
TEMP=C:\Users\adity\AppData\Local\Temp




Periodic native trim disabled

---------------  S Y S T E M  ---------------

OS:
 Windows 11 , 64 bit Build 26100 (10.0.26100.4484)
OS uptime: 0 days 21:49 hours
Hyper-V role detected

CPU: total 12 (initial active 12) (12 cores per cpu, 2 threads per core) family 23 model 96 stepping 1 microcode 0x8600106, cx8, cmov, fxsr, ht, mmx, 3dnowpref, sse, sse2, sse3, ssse3, sse4a, sse4.1, sse4.2, popcnt, lzcnt, tsc, tscinvbit, avx, avx2, aes, clmul, bmi1, bmi2, adx, sha, fma, vzeroupper, clflush, clflushopt, hv, rdtscp, rdpid, f16c
Processor Information for the first 12 processors :
  Max Mhz: 3001, Current Mhz: 3001, Mhz Limit: 3001

Memory: 4k page, system-wide physical 7597M (1432M free)
TotalPageFile size 15789M (AvailPageFile size 267M)
current process WorkingSet (physical memory assigned to process): 204M, peak: 207M
current process commit charge ("private bytes"): 335M, peak: 340M

vm_info: OpenJDK 64-Bit Server VM (21.0.7+6-LTS) for windows-amd64 JRE (21.0.7+6-LTS), built on 2025-04-15T00:00:00Z by "admin" with MS VC++ 17.7 (VS2022)

END.
