#
# There is insufficient memory for the Java Runtime Environment to continue.
# Native memory allocation (malloc) failed to allocate 1048576 bytes. Error detail: AllocateHeap
# Possible reasons:
#   The system is out of physical RAM or swap space
#   This process is running with CompressedOops enabled, and the Java Heap may be blocking the growth of the native heap
# Possible solutions:
#   Reduce memory load on the system
#   Increase physical memory or swap space
#   Check if swap backing store is full
#   Decrease Java heap size (-Xmx/-Xms)
#   Decrease number of Java threads
#   Decrease Java thread stack sizes (-Xss)
#   Set larger code cache with -XX:ReservedCodeCacheSize=
#   JVM is running with Unscaled Compressed Oops mode in which the Java heap is
#     placed in the first 4GB address space. The Java Heap base address is the
#     maximum limit for the native heap growth. Please use -XX:HeapBaseMinAddress
#     to set the Java Heap base and to place the Java Heap above 4GB virtual address.
# This output file may be truncated or incomplete.
#
#  Out of Memory Error (allocation.cpp:44), pid=23576, tid=25344
#
# JRE version:  (21.0.7+6) (build )
# Java VM: OpenJDK 64-Bit Server VM (21.0.7+6-LTS, mixed mode, sharing, tiered, compressed oops, compressed class ptrs, parallel gc, windows-amd64)
# No core dump will be written. Minidumps are not enabled by default on client versions of Windows
#

---------------  S U M M A R Y ------------

Command Line: --add-modules=ALL-SYSTEM --add-opens=java.base/java.util=ALL-UNNAMED --add-opens=java.base/java.lang=ALL-UNNAMED --add-opens=java.base/sun.nio.fs=ALL-UNNAMED -Declipse.application=org.eclipse.jdt.ls.core.id1 -Dosgi.bundles.defaultStartLevel=4 -Declipse.product=org.eclipse.jdt.ls.core.product -Djava.import.generatesMetadataFilesAtProjectRoot=false -DDetectVMInstallationsJob.disabled=true -Dfile.encoding=utf8 -XX:+UseParallelGC -XX:GCTimeRatio=4 -XX:AdaptiveSizePolicyWeight=90 -Dsun.zip.disableMemoryMapping=true -Xmx2G -Xms100m -Xlog:disable -javaagent:c:\Users\adity\.vscode\extensions\redhat.java-1.43.1-win32-x64\lombok\lombok-1.18.39-4050.jar -XX:+HeapDumpOnOutOfMemoryError -XX:HeapDumpPath=c:\Users\adity\AppData\Roaming\Code\User\workspaceStorage\ac98fe197963a2578e4e69e5fccf90a7\redhat.java -Daether.dependencyCollector.impl=bf c:\Users\adity\.vscode\extensions\redhat.java-1.43.1-win32-x64\server\plugins\org.eclipse.equinox.launcher_1.7.0.v20250519-0528.jar -configuration c:\Users\adity\AppData\Roaming\Code\User\globalStorage\redhat.java\1.43.1\config_win -data c:\Users\adity\AppData\Roaming\Code\User\workspaceStorage\ac98fe197963a2578e4e69e5fccf90a7\redhat.java\jdt_ws --pipe=\\.\pipe\lsp-7c3c5308a138aca5509a2bd4eb7667d2-sock

Host: AMD Ryzen 5 4600H with Radeon Graphics         , 12 cores, 7G,  Windows 11 , 64 bit Build 26100 (10.0.26100.4484)
Time: Sat Jul 26 02:02:57 2025 India Standard Time elapsed time: 0.191497 seconds (0d 0h 0m 0s)

---------------  T H R E A D  ---------------

Current thread (0x000001d8fb42e380):  JavaThread "Unknown thread" [_thread_in_vm, id=25344, stack(0x0000000e33500000,0x0000000e33600000) (1024K)]

Stack: [0x0000000e33500000,0x0000000e33600000]
Native frames: (J=compiled Java code, j=interpreted, Vv=VM code, C=native code)
V  [jvm.dll+0x6ce119]
V  [jvm.dll+0x8a84a1]
V  [jvm.dll+0x8aa9ce]
V  [jvm.dll+0x8ab0b3]
V  [jvm.dll+0x27f8a6]
V  [jvm.dll+0xbfba7]
V  [jvm.dll+0x702260]
V  [jvm.dll+0x702dcc]
V  [jvm.dll+0x6dcc63]
V  [jvm.dll+0x871dbc]
V  [jvm.dll+0x3bc47c]
V  [jvm.dll+0x85a848]
V  [jvm.dll+0x45080e]
V  [jvm.dll+0x452451]
C  [jli.dll+0x5278]
C  [ucrtbase.dll+0x37b0]
C  [KERNEL32.DLL+0x2e8d7]
C  [ntdll.dll+0x3c34c]


---------------  P R O C E S S  ---------------

Threads class SMR info:
_java_thread_list=0x000001d8fb4989f0, length=1, elements={
0x000001d8fb42e380
}

Java Threads: ( => current thread )
=>0x000001d8fb42e380 JavaThread "Unknown thread"             [_thread_in_vm, id=25344, stack(0x0000000e33500000,0x0000000e33600000) (1024K)]
Total: 1

Other Threads:
  0x000001d8fb2bca00 WatcherThread "VM Periodic Task Thread"        [id=17996, stack(0x0000000e33700000,0x0000000e33800000) (1024K)]
  0x000001d8fb44c600 WorkerThread "GC Thread#0"                     [id=12884, stack(0x0000000e33600000,0x0000000e33700000) (1024K)]
Total: 2

Threads with active compile tasks:
Total: 0

VM state: not at safepoint (normal execution)

VM Mutex/Monitor currently owned by a thread: None

Heap address: 0x0000000080000000, size: 2048 MB, Compressed Oops mode: 32-bit

CDS archive(s) mapped at: [0x000001d893000000-0x000001d893ba0000-0x000001d893ba0000), size 12189696, SharedBaseAddress: 0x000001d893000000, ArchiveRelocationMode: 1.
Compressed class space mapped at: 0x000001d894000000-0x000001d8d4000000, reserved size: 1073741824
Narrow klass base: 0x000001d893000000, Narrow klass shift: 0, Narrow klass range: 0x100000000

GC Precious Log:
 CardTable entry size: 512
 CPUs: 12 total, 12 available
 Memory: 7597M
 Large Page Support: Disabled
 NUMA Support: Disabled
 Compressed Oops: Enabled (32-bit)
 Alignments: Space 512K, Generation 512K, Heap 2M
 Heap Min Capacity: 100M
 Heap Initial Capacity: 100M
 Heap Max Capacity: 2G
 Pre-touch: Disabled
 Parallel Workers: 10

Heap:
 PSYoungGen      total 29696K, used 512K [0x00000000d5580000, 0x00000000d7680000, 0x0000000100000000)
  eden space 25600K, 2% used [0x00000000d5580000,0x00000000d5600020,0x00000000d6e80000)
  from space 4096K, 0% used [0x00000000d7280000,0x00000000d7280000,0x00000000d7680000)
  to   space 4096K, 0% used [0x00000000d6e80000,0x00000000d6e80000,0x00000000d7280000)
 ParOldGen       total 68608K, used 0K [0x0000000080000000, 0x0000000084300000, 0x00000000d5580000)
  object space 68608K, 0% used [0x0000000080000000,0x0000000080000000,0x0000000084300000)
 Metaspace       used 0K, committed 0K, reserved 1048576K
  class space    used 0K, committed 0K, reserved 1048576K

Card table byte_map: [0x000001d8fadd0000,0x000001d8fb1e0000] _byte_map_base: 0x000001d8fa9d0000

Marking Bits: (ParMarkBitMap*) 0x00007ffdce7a31f0
 Begin Bits: [0x000001d88f000000, 0x000001d891000000)
 End Bits:   [0x000001d891000000, 0x000001d893000000)

Polling page: 0x000001d8f9260000

Metaspace:

Usage:
  Non-class:      0 bytes used.
      Class:      0 bytes used.
       Both:      0 bytes used.

Virtual space:
  Non-class space:        0 bytes reserved,       0 bytes (  ?%) committed,  0 nodes.
      Class space:        1.00 GB reserved,       0 bytes (  0%) committed,  1 nodes.
             Both:        1.00 GB reserved,       0 bytes (  0%) committed. 

Chunk freelists:
   Non-Class:  0 bytes
       Class:  16.00 MB
        Both:  16.00 MB

MaxMetaspaceSize: unlimited
CompressedClassSpaceSize: 1.00 GB
Initial GC threshold: 21.00 MB
Current GC threshold: 17179869184.00 GB
CDS: on
 - commit_granule_bytes: 65536.
 - commit_granule_words: 8192.
 - virtual_space_node_default_size: 8388608.
 - enlarge_chunks_in_place: 1.
 - use_allocation_guard: 0.


Internal statistics:

num_allocs_failed_limit: 0.
num_arena_births: 0.
num_arena_deaths: 0.
num_vsnodes_births: 1.
num_vsnodes_deaths: 0.
num_space_committed: 0.
num_space_uncommitted: 0.
num_chunks_returned_to_freelist: 0.
num_chunks_taken_from_freelist: 1.
num_chunk_merges: 0.
num_chunk_splits: 1.
num_chunks_enlarged: 0.
num_inconsistent_stats: 0.

CodeHeap 'non-profiled nmethods': size=120000Kb used=0Kb max_used=0Kb free=120000Kb
 bounds [0x000001d887ad0000, 0x000001d887d40000, 0x000001d88f000000]
CodeHeap 'profiled nmethods': size=120000Kb used=0Kb max_used=0Kb free=120000Kb
 bounds [0x000001d880000000, 0x000001d880270000, 0x000001d887530000]
CodeHeap 'non-nmethods': size=5760Kb used=194Kb max_used=342Kb free=5565Kb
 bounds [0x000001d887530000, 0x000001d8877a0000, 0x000001d887ad0000]
 total_blobs=70 nmethods=0 adapters=48
 compilation: enabled
              stopped_count=0, restarted_count=0
 full_count=0

Compilation events (0 events):
No events

GC Heap History (0 events):
No events

Dll operation events (1 events):
Event: 0.016 Loaded shared library c:\Users\adity\.vscode\extensions\redhat.java-1.43.1-win32-x64\jre\21.0.7-win32-x86_64\bin\java.dll

Deoptimization events (0 events):
No events

Classes loaded (0 events):
No events

Classes unloaded (0 events):
No events

Classes redefined (0 events):
No events

Internal exceptions (0 events):
No events

ZGC Phase Switch (0 events):
No events

VM Operations (0 events):
No events

Memory protections (0 events):
No events

Nmethod flushes (0 events):
No events

Events (1 events):
Event: 0.038 Thread 0x000001d8fb42e380 Thread added: 0x000001d8fb42e380


Dynamic libraries:
0x00007ff638d70000 - 0x00007ff638d7e000 	c:\Users\adity\.vscode\extensions\redhat.java-1.43.1-win32-x64\jre\21.0.7-win32-x86_64\bin\java.exe
0x00007ffe3e6c0000 - 0x00007ffe3e928000 	C:\WINDOWS\SYSTEM32\ntdll.dll
0x00007ffe3cdd0000 - 0x00007ffe3ce99000 	C:\WINDOWS\System32\KERNEL32.DLL
0x00007ffe3bcc0000 - 0x00007ffe3c0ad000 	C:\WINDOWS\System32\KERNELBASE.dll
0x00007ffe3c310000 - 0x00007ffe3c45b000 	C:\WINDOWS\System32\ucrtbase.dll
0x00007ffe16460000 - 0x00007ffe1647e000 	c:\Users\adity\.vscode\extensions\redhat.java-1.43.1-win32-x64\jre\21.0.7-win32-x86_64\bin\VCRUNTIME140.dll
0x00007ffe27d70000 - 0x00007ffe27d88000 	c:\Users\adity\.vscode\extensions\redhat.java-1.43.1-win32-x64\jre\21.0.7-win32-x86_64\bin\jli.dll
0x00007ffe3d970000 - 0x00007ffe3db3c000 	C:\WINDOWS\System32\USER32.dll
0x00007ffe266c0000 - 0x00007ffe2695a000 	C:\WINDOWS\WinSxS\amd64_microsoft.windows.common-controls_6595b64144ccf1df_6.0.26100.4484_none_3e0e6d4ce32ef3b3\COMCTL32.dll
0x00007ffe3c160000 - 0x00007ffe3c187000 	C:\WINDOWS\System32\win32u.dll
0x00007ffe3c740000 - 0x00007ffe3c7e9000 	C:\WINDOWS\System32\msvcrt.dll
0x00007ffe3c5a0000 - 0x00007ffe3c5cb000 	C:\WINDOWS\System32\GDI32.dll
0x00007ffe3b810000 - 0x00007ffe3b947000 	C:\WINDOWS\System32\gdi32full.dll
0x00007ffe3c0b0000 - 0x00007ffe3c153000 	C:\WINDOWS\System32\msvcp_win.dll
0x00007ffe3d380000 - 0x00007ffe3d3af000 	C:\WINDOWS\System32\IMM32.DLL
0x00007ffe34410000 - 0x00007ffe3441c000 	c:\Users\adity\.vscode\extensions\redhat.java-1.43.1-win32-x64\jre\21.0.7-win32-x86_64\bin\vcruntime140_1.dll
0x00007ffdf5cc0000 - 0x00007ffdf5d4d000 	c:\Users\adity\.vscode\extensions\redhat.java-1.43.1-win32-x64\jre\21.0.7-win32-x86_64\bin\msvcp140.dll
0x00007ffdcdaf0000 - 0x00007ffdce880000 	c:\Users\adity\.vscode\extensions\redhat.java-1.43.1-win32-x64\jre\21.0.7-win32-x86_64\bin\server\jvm.dll
0x00007ffe3cea0000 - 0x00007ffe3cf54000 	C:\WINDOWS\System32\ADVAPI32.dll
0x00007ffe3c460000 - 0x00007ffe3c506000 	C:\WINDOWS\System32\sechost.dll
0x00007ffe3d850000 - 0x00007ffe3d968000 	C:\WINDOWS\System32\RPCRT4.dll
0x00007ffe3c670000 - 0x00007ffe3c6e4000 	C:\WINDOWS\System32\WS2_32.dll
0x00007ffe3b660000 - 0x00007ffe3b6be000 	C:\WINDOWS\SYSTEM32\POWRPROF.dll
0x00007ffe32a50000 - 0x00007ffe32a85000 	C:\WINDOWS\SYSTEM32\WINMM.dll
0x00007ffe32a90000 - 0x00007ffe32a9b000 	C:\WINDOWS\SYSTEM32\VERSION.dll
0x00007ffe3b640000 - 0x00007ffe3b654000 	C:\WINDOWS\SYSTEM32\UMPDC.dll
0x00007ffe3a5b0000 - 0x00007ffe3a5cb000 	C:\WINDOWS\SYSTEM32\kernel.appcore.dll
0x00007ffe34080000 - 0x00007ffe3408a000 	c:\Users\adity\.vscode\extensions\redhat.java-1.43.1-win32-x64\jre\21.0.7-win32-x86_64\bin\jimage.dll
0x00007ffe2fc50000 - 0x00007ffe2fe91000 	C:\WINDOWS\SYSTEM32\DBGHELP.DLL
0x00007ffe3c7f0000 - 0x00007ffe3cb76000 	C:\WINDOWS\System32\combase.dll
0x00007ffe3cfd0000 - 0x00007ffe3d0b0000 	C:\WINDOWS\System32\OLEAUT32.dll
0x00007ffe23b30000 - 0x00007ffe23b73000 	C:\WINDOWS\SYSTEM32\dbgcore.DLL
0x00007ffe3bc20000 - 0x00007ffe3bcb9000 	C:\WINDOWS\System32\bcryptPrimitives.dll
0x00007ffe2b730000 - 0x00007ffe2b73f000 	c:\Users\adity\.vscode\extensions\redhat.java-1.43.1-win32-x64\jre\21.0.7-win32-x86_64\bin\instrument.dll
0x00007ffe0a810000 - 0x00007ffe0a82f000 	c:\Users\adity\.vscode\extensions\redhat.java-1.43.1-win32-x64\jre\21.0.7-win32-x86_64\bin\java.dll

dbghelp: loaded successfully - version: 4.0.5 - missing functions: none
symbol engine: initialized successfully - sym options: 0x614 - pdb path: .;c:\Users\adity\.vscode\extensions\redhat.java-1.43.1-win32-x64\jre\21.0.7-win32-x86_64\bin;C:\WINDOWS\SYSTEM32;C:\WINDOWS\WinSxS\amd64_microsoft.windows.common-controls_6595b64144ccf1df_6.0.26100.4484_none_3e0e6d4ce32ef3b3;c:\Users\adity\.vscode\extensions\redhat.java-1.43.1-win32-x64\jre\21.0.7-win32-x86_64\bin\server

VM Arguments:
jvm_args: --add-modules=ALL-SYSTEM --add-opens=java.base/java.util=ALL-UNNAMED --add-opens=java.base/java.lang=ALL-UNNAMED --add-opens=java.base/sun.nio.fs=ALL-UNNAMED -Declipse.application=org.eclipse.jdt.ls.core.id1 -Dosgi.bundles.defaultStartLevel=4 -Declipse.product=org.eclipse.jdt.ls.core.product -Djava.import.generatesMetadataFilesAtProjectRoot=false -DDetectVMInstallationsJob.disabled=true -Dfile.encoding=utf8 -XX:+UseParallelGC -XX:GCTimeRatio=4 -XX:AdaptiveSizePolicyWeight=90 -Dsun.zip.disableMemoryMapping=true -Xmx2G -Xms100m -Xlog:disable -javaagent:c:\Users\adity\.vscode\extensions\redhat.java-1.43.1-win32-x64\lombok\lombok-1.18.39-4050.jar -XX:+HeapDumpOnOutOfMemoryError -XX:HeapDumpPath=c:\Users\adity\AppData\Roaming\Code\User\workspaceStorage\ac98fe197963a2578e4e69e5fccf90a7\redhat.java -Daether.dependencyCollector.impl=bf 
java_command: c:\Users\adity\.vscode\extensions\redhat.java-1.43.1-win32-x64\server\plugins\org.eclipse.equinox.launcher_1.7.0.v20250519-0528.jar -configuration c:\Users\adity\AppData\Roaming\Code\User\globalStorage\redhat.java\1.43.1\config_win -data c:\Users\adity\AppData\Roaming\Code\User\workspaceStorage\ac98fe197963a2578e4e69e5fccf90a7\redhat.java\jdt_ws --pipe=\\.\pipe\lsp-7c3c5308a138aca5509a2bd4eb7667d2-sock
java_class_path (initial): c:\Users\adity\.vscode\extensions\redhat.java-1.43.1-win32-x64\server\plugins\org.eclipse.equinox.launcher_1.7.0.v20250519-0528.jar
Launcher Type: SUN_STANDARD

[Global flags]
    uintx AdaptiveSizePolicyWeight                 = 90                                        {product} {command line}
     intx CICompilerCount                          = 4                                         {product} {ergonomic}
    uintx GCTimeRatio                              = 4                                         {product} {command line}
     bool HeapDumpOnOutOfMemoryError               = true                                   {manageable} {command line}
    ccstr HeapDumpPath                             = c:\Users\adity\AppData\Roaming\Code\User\workspaceStorage\ac98fe197963a2578e4e69e5fccf90a7\redhat.java         {manageable} {command line}
   size_t InitialHeapSize                          = 104857600                                 {product} {command line}
   size_t MaxHeapSize                              = 2147483648                                {product} {command line}
   size_t MaxNewSize                               = 715653120                                 {product} {ergonomic}
   size_t MinHeapDeltaBytes                        = 524288                                    {product} {ergonomic}
   size_t MinHeapSize                              = 104857600                                 {product} {command line}
   size_t NewSize                                  = 34603008                                  {product} {ergonomic}
    uintx NonNMethodCodeHeapSize                   = 5839372                                {pd product} {ergonomic}
    uintx NonProfiledCodeHeapSize                  = 122909434                              {pd product} {ergonomic}
   size_t OldSize                                  = 70254592                                  {product} {ergonomic}
    uintx ProfiledCodeHeapSize                     = 122909434                              {pd product} {ergonomic}
    uintx ReservedCodeCacheSize                    = 251658240                              {pd product} {ergonomic}
     bool SegmentedCodeCache                       = true                                      {product} {ergonomic}
   size_t SoftMaxHeapSize                          = 2147483648                             {manageable} {ergonomic}
     bool UseCompressedOops                        = true                           {product lp64_product} {ergonomic}
     bool UseLargePagesIndividualAllocation        = false                                  {pd product} {ergonomic}
     bool UseParallelGC                            = true                                      {product} {command line}

Logging:
Log output configuration:
 #0: stdout all=off uptime,level,tags foldmultilines=false
 #1: stderr all=off uptime,level,tags foldmultilines=false

Environment Variables:
PATH=C:\Users\adity\AppData\Local\Programs\Python\Python313\Scripts\;C:\Users\adity\AppData\Local\Programs\Python\Python313\;C:\Program Files\Common Files\Oracle\Java\javapath;C:\Windows\system32;C:\Windows;C:\Windows\System32\Wbem;C:\Windows\System32\WindowsPowerShell\v1.0\;C:\Windows\System32\OpenSSH\;C:\Program Files (x86)\NVIDIA Corporation\PhysX\Common;C:\WINDOWS\system32;C:\WINDOWS;C:\WINDOWS\System32\Wbem;C:\WINDOWS\System32\WindowsPowerShell\v1.0\;C:\WINDOWS\System32\OpenSSH\;C:\Program Files\dotnet\;C:\Program Files\NVIDIA Corporation\NVIDIA App\NvDLISR;C:\Program Files\Git\cmd;C:\MinGW\bin;C:\Program Files\Go\bin;C:\ProgramData\chocolatey\bin;C:\Program Files\nodejs\;C:\Program Files\MySQL\MySQL Shell 8.0\bin\;C:\Users\adity\AppData\Local\Microsoft\WindowsApps;C:\Users\adity\AppData\Local\Programs\Microsoft VS Code\bin;C:\Users\adity\go\bin;C:\Users\adity\AppData\Roaming\npm
USERNAME=adity
OS=Windows_NT
PROCESSOR_IDENTIFIER=AMD64 Family 23 Model 96 Stepping 1, AuthenticAMD
TMP=C:\Users\adity\AppData\Local\Temp
TEMP=C:\Users\adity\AppData\Local\Temp




Periodic native trim disabled

---------------  S Y S T E M  ---------------

OS:
 Windows 11 , 64 bit Build 26100 (10.0.26100.4484)
OS uptime: 0 days 21:05 hours
Hyper-V role detected

CPU: total 12 (initial active 12) (12 cores per cpu, 2 threads per core) family 23 model 96 stepping 1 microcode 0x8600106, cx8, cmov, fxsr, ht, mmx, 3dnowpref, sse, sse2, sse3, ssse3, sse4a, sse4.1, sse4.2, popcnt, lzcnt, tsc, tscinvbit, avx, avx2, aes, clmul, bmi1, bmi2, adx, sha, fma, vzeroupper, clflush, clflushopt, hv, rdtscp, rdpid, f16c
Processor Information for the first 12 processors :
  Max Mhz: 3001, Current Mhz: 3001, Mhz Limit: 3001

Memory: 4k page, system-wide physical 7597M (845M free)
TotalPageFile size 15789M (AvailPageFile size 0M)
current process WorkingSet (physical memory assigned to process): 26M, peak: 26M
current process commit charge ("private bytes"): 196M, peak: 197M

vm_info: OpenJDK 64-Bit Server VM (21.0.7+6-LTS) for windows-amd64 JRE (21.0.7+6-LTS), built on 2025-04-15T00:00:00Z by "admin" with MS VC++ 17.7 (VS2022)

END.
